<?xml version="1.0" encoding="UTF-8"?>
<!-- Generated by org.testng.reporters.JUnitReportReporter -->
<testsuite hostname="DESKTOP-RIVO21Q" failures="0" tests="4" name="api.Test.StoreTest" time="10.178" errors="0" timestamp="2023-11-04T18:46:36 IST" skipped="0">
  <testcase classname="api.Test.StoreTest" name="CreateOrder_test" time="4.650"/>
  <system-out/>
  <testcase classname="api.Test.StoreTest" name="GetOrder_test" time="2.551"/>
  <system-out/>
  <testcase classname="api.Test.StoreTest" name="validateschema_test" time="1.671"/>
  <system-out/>
  <testcase classname="api.Test.StoreTest" name="DeleteOrder_test" time="1.306"/>
  <system-out/>
</testsuite> <!-- api.Test.StoreTest -->
