<?xml version="1.0" encoding="UTF-8"?>
<!-- Generated by org.testng.reporters.JUnitReportReporter -->
<testsuite hostname="DESKTOP-RIVO21Q" failures="0" tests="14" name="api.Test.DataDrivenTest" time="20.256" errors="0" timestamp="2023-10-31T16:12:14 IST" skipped="0">
  <testcase classname="api.Test.DataDrivenTest" name="Createusers_test" time="1.136"/>
  <system-out/>
  <testcase classname="api.Test.DataDrivenTest" name="Createusers_test" time="1.315"/>
  <system-out/>
  <testcase classname="api.Test.DataDrivenTest" name="Createusers_test" time="1.155"/>
  <system-out/>
  <testcase classname="api.Test.DataDrivenTest" name="Createusers_test" time="1.191"/>
  <system-out/>
  <testcase classname="api.Test.DataDrivenTest" name="Createusers_test" time="1.343"/>
  <system-out/>
  <testcase classname="api.Test.DataDrivenTest" name="Createusers_test" time="1.229"/>
  <system-out/>
  <testcase classname="api.Test.DataDrivenTest" name="Createusers_test" time="4.443"/>
  <system-out/>
  <testcase classname="api.Test.DataDrivenTest" name="DeleuserByusername_test" time="1.121"/>
  <system-out/>
  <testcase classname="api.Test.DataDrivenTest" name="DeleuserByusername_test" time="1.290"/>
  <system-out/>
  <testcase classname="api.Test.DataDrivenTest" name="DeleuserByusername_test" time="1.154"/>
  <system-out/>
  <testcase classname="api.Test.DataDrivenTest" name="DeleuserByusername_test" time="1.300"/>
  <system-out/>
  <testcase classname="api.Test.DataDrivenTest" name="DeleuserByusername_test" time="1.101"/>
  <system-out/>
  <testcase classname="api.Test.DataDrivenTest" name="DeleuserByusername_test" time="1.132"/>
  <system-out/>
  <testcase classname="api.Test.DataDrivenTest" name="DeleuserByusername_test" time="1.346"/>
  <system-out/>
</testsuite> <!-- api.Test.DataDrivenTest -->
