<?xml version="1.0" encoding="UTF-8"?>
<!-- Generated by org.testng.reporters.JUnitReportReporter -->
<testsuite hostname="DESKTOP-RIVO21Q" failures="0" tests="3" name="api.Test.PetTest" time="6.655" errors="0" timestamp="2023-11-07T14:52:42 IST" skipped="0">
  <testcase classname="api.Test.PetTest" name="createNewPET_test" time="4.065"/>
  <system-out/>
  <testcase classname="api.Test.PetTest" name="GetinfoPET_test" time="1.295"/>
  <system-out/>
  <testcase classname="api.Test.PetTest" name="deletePetingo_test" time="1.295"/>
  <system-out/>
</testsuite> <!-- api.Test.PetTest -->
