<?xml version="1.0" encoding="UTF-8"?>
<!-- Generated by org.testng.reporters.JUnitReportReporter -->
<testsuite hostname="DESKTOP-RIVO21Q" failures="0" tests="10" name="api.Test.Datadriven_StoreTest" time="15.680" errors="0" timestamp="2023-11-04T18:38:04 IST" skipped="0">
  <testcase classname="api.Test.Datadriven_StoreTest" name="setup" time="1.386"/>
  <system-out/>
  <testcase classname="api.Test.Datadriven_StoreTest" name="setup" time="1.166"/>
  <system-out/>
  <testcase classname="api.Test.Datadriven_StoreTest" name="setup" time="1.195"/>
  <system-out/>
  <testcase classname="api.Test.Datadriven_StoreTest" name="setup" time="1.178"/>
  <system-out/>
  <testcase classname="api.Test.Datadriven_StoreTest" name="setup" time="4.322"/>
  <system-out/>
  <testcase classname="api.Test.Datadriven_StoreTest" name="deleteallOrderByid" time="1.365"/>
  <system-out/>
  <testcase classname="api.Test.Datadriven_StoreTest" name="deleteallOrderByid" time="1.365"/>
  <system-out/>
  <testcase classname="api.Test.Datadriven_StoreTest" name="deleteallOrderByid" time="1.184"/>
  <system-out/>
  <testcase classname="api.Test.Datadriven_StoreTest" name="deleteallOrderByid" time="1.127"/>
  <system-out/>
  <testcase classname="api.Test.Datadriven_StoreTest" name="deleteallOrderByid" time="1.392"/>
  <system-out/>
</testsuite> <!-- api.Test.Datadriven_StoreTest -->
