<?xml version="1.0" encoding="UTF-8"?>
<!-- Generated by org.testng.reporters.JUnitReportReporter -->
<testsuite hostname="DESKTOP-RIVO21Q" failures="0" tests="4" name="api.Test.UserTest" time="11.086" errors="0" timestamp="2023-10-29T19:02:30 IST" skipped="0">
  <testcase classname="api.Test.UserTest" name="Test_postUser" time="5.020"/>
  <system-out/>
  <testcase classname="api.Test.UserTest" name="GetUser_test" time="1.981"/>
  <system-out/>
  <testcase classname="api.Test.UserTest" name="UpdateUser_test" time="2.729"/>
  <system-out/>
  <testcase classname="api.Test.UserTest" name="DeleteUser_test" time="1.356"/>
  <system-out/>
</testsuite> <!-- api.Test.UserTest -->
